Arguments: 
  C:\Program Files\nodejs\node.exe C:\Program Files (x86)\Yarn\bin\yarn.js start

PATH: 
  C:\WINDOWS\system32;C:\WINDOWS;C:\WINDOWS\System32\Wbem;C:\WINDOWS\System32\WindowsPowerShell\v1.0\;C:\Program Files\nodejs\;C:\Program Files (x86)\Common Files\Acronis\SnapAPI\;C:\Program Files (x86)\Yarn\bin\;C:\Users\skank\AppData\Local\Microsoft\WindowsApps;C:\Users\skank\AppData\Roaming\npm;C:\Users\skank\AppData\Local\Yarn\bin

Yarn version: 
  1.6.0

Node version: 
  10.0.0

Platform: 
  win32 x64

Trace: 
  SyntaxError: D:\work\package.json: Unexpected token / in JSON at position 119
      at JSON.parse (<anonymous>)
      at C:\Program Files (x86)\Yarn\lib\cli.js:1130:59
      at Generator.next (<anonymous>)
      at step (C:\Program Files (x86)\Yarn\lib\cli.js:98:30)
      at C:\Program Files (x86)\Yarn\lib\cli.js:109:13

npm manifest: 
  {
      "name": "work",
      "version": "1.0.0",
      "description": "",
      "main": "server.js",
      "scripts": {
          //"start": "webpack-dev-server --config ./webpack.config.js --mode development",
          "start": "webpack --color --watch & node server.js",
          "build": "webpack"
      },
      "author": "skank <skank22@yandex.ru>",
      "license": "ISC",
      "babel": {
          "presets": [
              "env",
              "react",
              "stage-2"
          ]
      },
      "devDependencies": {
          "babel-core": "^6.26.3",
          "babel-loader": "^7.1.4",
          "babel-preset-env": "^1.6.1",
          "babel-preset-react": "^6.24.1",
          "babel-preset-stage-2": "^6.24.1",
          "css-loader": "^0.28.11",
          "extract-text-webpack-plugin": "^3.0.2",
          "node-sass": "^4.9.0",
          "react-hot-loader": "^4.1.3",
          "sass-loader": "^7.0.1",
          "style-loader": "^0.21.0",
          "webpack": "^4.8.1",
          "webpack-cli": "^2.1.3",
          "webpack-dev-server": "^3.1.4"
      },
      "dependencies": {
          "axios": "^0.18.0",
          "history": "^4.7.2",
          "react": "^16.3.2",
          "react-dom": "^16.3.2",
          "react-redux": "^5.0.7",
          "react-router": "^4.2.0",
          "react-router-dom": "^4.2.2",
          "react-router-redux": "^4.0.8",
          "redux": "^4.0.0",
          "redux-promise-middleware": "^5.1.1",
          "redux-saga": "^0.16.0"
      }
  }

yarn manifest: 
  No manifest

Lockfile: 
  No lockfile
